<?xml version="1.0" encoding="UTF-8"?>
<testsuite xmlns:xsi="http://www.w3.org/2001/XMLSchema-instance" xsi:noNamespaceSchemaLocation="https://maven.apache.org/surefire/maven-surefire-plugin/xsd/surefire-test-report-3.0.xsd" version="3.0" name="csv_data_handling.ConvertCSVDataIntoJavaObjectsTest" time="0.09" tests="1" errors="0" skipped="0" failures="0">
  <properties>
[...]
</properties>
  <testcase name="convertingDataIntoObject" classname="csv_data_handling.ConvertCSVDataIntoJavaObjectsTest" time="0.057">
    <system-out><![CDATA[Invalid student data. Cannot be converted to object.
ID: STU1, Name: Ava, Age: 21, Marks: 89
ID: STU2, Name: Jennie, Age: 22, Marks: 89
ID: STU3, Name: Jisoo, Age: 23, Marks: 87
ID: STU4, Name: Lisa, Age: 21, Marks: 88
ID: STU5, Name: Rosie, Age: 21, Marks: 87
ID: STU7, Name: Mia, Age: 23, Marks: 70
ID: STU8, Name: Lily, Age: 21, Marks: 68
ID: STU9, Name: Candice, Age: 23, Marks: 95
ID: STU10, Name: Mel, Age: 22, Marks: 72
ID: STU11, Name: Bella, Age: 22, Marks: 75
]]></system-out>
  </testcase>
</testsuite>