<?xml version="1.0" encoding="UTF-8"?>
<testsuite xmlns:xsi="http://www.w3.org/2001/XMLSchema-instance" xsi:noNamespaceSchemaLocation="https://maven.apache.org/surefire/maven-surefire-plugin/xsd/surefire-test-report-3.0.xsd" version="3.0" name="junit.LongRunningTaskTest" time="7.122" tests="2" errors="2" skipped="0" failures="0">
  <properties>
[...]
</properties>
  <testcase name="longRunningTaskTest" classname="junit.LongRunningTaskTest" time="5.059">
    <error message="longRunningTaskTest() timed out after 5 seconds" type="java.util.concurrent.TimeoutException"><![CDATA[java.util.concurrent.TimeoutException: longRunningTaskTest() timed out after 5 seconds
	at java.base/java.util.ArrayList.forEach(ArrayList.java:1511)
	at java.base/java.util.ArrayList.forEach(ArrayList.java:1511)
	Suppressed: java.lang.InterruptedException: sleep interrupted
		at java.base/java.lang.Thread.sleep0(Native Method)
		at java.base/java.lang.Thread.sleep(Thread.java:484)
		at junit.LongRunningTask.longRunningTask(LongRunningTask.java:7)
		at junit.LongRunningTaskTest.longRunningTaskTest(LongRunningTaskTest.java:15)
		at java.base/java.lang.reflect.Method.invoke(Method.java:578)
		... 2 more
]]></error>
  </testcase>
  <testcase name="longRunningTaskTestTimeout" classname="junit.LongRunningTaskTest" time="2.02">
    <error message="longRunningTaskTestTimeout() timed out after 2 seconds" type="java.util.concurrent.TimeoutException"><![CDATA[java.util.concurrent.TimeoutException: longRunningTaskTestTimeout() timed out after 2 seconds
	at java.base/java.util.ArrayList.forEach(ArrayList.java:1511)
	at java.base/java.util.ArrayList.forEach(ArrayList.java:1511)
	Suppressed: java.lang.InterruptedException: sleep interrupted
		at java.base/java.lang.Thread.sleep0(Native Method)
		at java.base/java.lang.Thread.sleep(Thread.java:484)
		at junit.LongRunningTask.longRunningTask(LongRunningTask.java:7)
		at junit.LongRunningTaskTest.longRunningTaskTestTimeout(LongRunningTaskTest.java:25)
		at java.base/java.lang.reflect.Method.invoke(Method.java:578)
		... 2 more
]]></error>
  </testcase>
</testsuite>